# JRE version: Java(TM) SE Runtime Environment (8.0_301-b09) (build 1.8.0_301-b09)
# Java VM: Java HotSpot(TM) 64-Bit Server VM (25.301-b09 mixed mode windows-amd64 compressed oops)
Heap:
 PSYoungGen      total 305664K, used 252539K [0x000000076b000000, 0x0000000786a00000, 0x00000007c0000000)
  eden space 286720K, 83% used [0x000000076b000000,0x0000000779a1e1d0,0x000000077c800000)
  from space 18944K, 67% used [0x000000077c800000,0x000000077d480cb8,0x000000077da80000)
  to   space 18944K, 0% used [0x0000000785780000,0x0000000785780000,0x0000000786a00000)
 ParOldGen       total 174080K, used 25058K [0x00000006c1000000, 0x00000006cba00000, 0x000000076b000000)
  object space 174080K, 14% used [0x00000006c1000000,0x00000006c2878920,0x00000006cba00000)
 Metaspace       used 49534K, capacity 52005K, committed 52352K, reserved 1093632K
  class space    used 6995K, capacity 7452K, committed 7552K, reserved 1048576K
GC Heap History (10 events):
Event: 3.876 GC heap before
{Heap before GC invocations=5 (full 1):
 PSYoungGen      total 141824K, used 131072K [0x000000076b000000, 0x000000077c500000, 0x00000007c0000000)
  eden space 131072K, 100% used [0x000000076b000000,0x0000000773000000,0x0000000773000000)
  from space 10752K, 0% used [0x0000000773000000,0x0000000773000000,0x0000000773a80000)
  to   space 10752K, 0% used [0x000000077ba80000,0x000000077ba80000,0x000000077c500000)
 ParOldGen       total 109568K, used 11894K [0x00000006c1000000, 0x00000006c7b00000, 0x000000076b000000)
  object space 109568K, 10% used [0x00000006c1000000,0x00000006c1b9d808,0x00000006c7b00000)
 Metaspace       used 25665K, capacity 26650K, committed 26752K, reserved 1073152K
  class space    used 3451K, capacity 3669K, committed 3712K, reserved 1048576K
Event: 3.883 GC heap after
Heap after GC invocations=5 (full 1):
 PSYoungGen      total 203264K, used 7324K [0x000000076b000000, 0x000000077c200000, 0x00000007c0000000)
  eden space 195584K, 0% used [0x000000076b000000,0x000000076b000000,0x0000000776f00000)
  from space 7680K, 95% used [0x000000077ba80000,0x000000077c1a7248,0x000000077c200000)
  to   space 10752K, 0% used [0x000000077ad00000,0x000000077ad00000,0x000000077b780000)
 ParOldGen       total 109568K, used 11902K [0x00000006c1000000, 0x00000006c7b00000, 0x000000076b000000)
  object space 109568K, 10% used [0x00000006c1000000,0x00000006c1b9f808,0x00000006c7b00000)
 Metaspace       used 25665K, capacity 26650K, committed 26752K, reserved 1073152K
  class space    used 3451K, capacity 3669K, committed 3712K, reserved 1048576K
}
Event: 5.044 GC heap before
{Heap before GC invocations=6 (full 1):
 PSYoungGen      total 203264K, used 202908K [0x000000076b000000, 0x000000077c200000, 0x00000007c0000000)
  eden space 195584K, 100% used [0x000000076b000000,0x0000000776f00000,0x0000000776f00000)
  from space 7680K, 95% used [0x000000077ba80000,0x000000077c1a7248,0x000000077c200000)
  to   space 10752K, 0% used [0x000000077ad00000,0x000000077ad00000,0x000000077b780000)
 ParOldGen       total 109568K, used 11902K [0x00000006c1000000, 0x00000006c7b00000, 0x000000076b000000)
  object space 109568K, 10% used [0x00000006c1000000,0x00000006c1b9f808,0x00000006c7b00000)
 Metaspace       used 31297K, capacity 32690K, committed 32768K, reserved 1077248K
  class space    used 4255K, capacity 4533K, committed 4608K, reserved 1048576K
Event: 5.055 GC heap after
Heap after GC invocations=6 (full 1):
 PSYoungGen      total 269824K, used 10721K [0x000000076b000000, 0x000000077ea00000, 0x00000007c0000000)
  eden space 259072K, 0% used [0x000000076b000000,0x000000076b000000,0x000000077ad00000)
  from space 10752K, 99% used [0x000000077ad00000,0x000000077b7784e0,0x000000077b780000)
  to   space 15872K, 0% used [0x000000077da80000,0x000000077da80000,0x000000077ea00000)
 ParOldGen       total 109568K, used 15920K [0x00000006c1000000, 0x00000006c7b00000, 0x000000076b000000)
  object space 109568K, 14% used [0x00000006c1000000,0x00000006c1f8c200,0x00000006c7b00000)
 Metaspace       used 31297K, capacity 32690K, committed 32768K, reserved 1077248K
  class space    used 4255K, capacity 4533K, committed 4608K, reserved 1048576K
}
Event: 5.680 GC heap before
{Heap before GC invocations=7 (full 1):
 PSYoungGen      total 269824K, used 156846K [0x000000076b000000, 0x000000077ea00000, 0x00000007c0000000)
  eden space 259072K, 56% used [0x000000076b000000,0x0000000773eb3598,0x000000077ad00000)
  from space 10752K, 99% used [0x000000077ad00000,0x000000077b7784e0,0x000000077b780000)
  to   space 15872K, 0% used [0x000000077da80000,0x000000077da80000,0x000000077ea00000)
 ParOldGen       total 109568K, used 15920K [0x00000006c1000000, 0x00000006c7b00000, 0x000000076b000000)
  object space 109568K, 14% used [0x00000006c1000000,0x00000006c1f8c200,0x00000006c7b00000)
 Metaspace       used 33755K, capacity 35378K, committed 35456K, reserved 1079296K
  class space    used 4620K, capacity 4935K, committed 4992K, reserved 1048576K
Event: 5.690 GC heap after
Heap after GC invocations=7 (full 1):
 PSYoungGen      total 302592K, used 15844K [0x000000076b000000, 0x0000000785180000, 0x00000007c0000000)
  eden space 286720K, 0% used [0x000000076b000000,0x000000076b000000,0x000000077c800000)
  from space 15872K, 99% used [0x000000077da80000,0x000000077e9f9350,0x000000077ea00000)
  to   space 18944K, 0% used [0x000000077c800000,0x000000077c800000,0x000000077da80000)
 ParOldGen       total 109568K, used 16849K [0x00000006c1000000, 0x00000006c7b00000, 0x000000076b000000)
  object space 109568K, 15% used [0x00000006c1000000,0x00000006c2074790,0x00000006c7b00000)
 Metaspace       used 33755K, capacity 35378K, committed 35456K, reserved 1079296K
  class space    used 4620K, capacity 4935K, committed 4992K, reserved 1048576K
}
Event: 5.690 GC heap before
{Heap before GC invocations=8 (full 2):
 PSYoungGen      total 302592K, used 15844K [0x000000076b000000, 0x0000000785180000, 0x00000007c0000000)
  eden space 286720K, 0% used [0x000000076b000000,0x000000076b000000,0x000000077c800000)
  from space 15872K, 99% used [0x000000077da80000,0x000000077e9f9350,0x000000077ea00000)
  to   space 18944K, 0% used [0x000000077c800000,0x000000077c800000,0x000000077da80000)
 ParOldGen       total 109568K, used 16849K [0x00000006c1000000, 0x00000006c7b00000, 0x000000076b000000)
  object space 109568K, 15% used [0x00000006c1000000,0x00000006c2074790,0x00000006c7b00000)
 Metaspace       used 33755K, capacity 35378K, committed 35456K, reserved 1079296K
  class space    used 4620K, capacity 4935K, committed 4992K, reserved 1048576K
Event: 5.739 GC heap after
Heap after GC invocations=8 (full 2):
 PSYoungGen      total 302592K, used 0K [0x000000076b000000, 0x0000000785180000, 0x00000007c0000000)
  eden space 286720K, 0% used [0x000000076b000000,0x000000076b000000,0x000000077c800000)
  from space 15872K, 0% used [0x000000077da80000,0x000000077da80000,0x000000077ea00000)
  to   space 18944K, 0% used [0x000000077c800000,0x000000077c800000,0x000000077da80000)
 ParOldGen       total 174080K, used 25050K [0x00000006c1000000, 0x00000006cba00000, 0x000000076b000000)
  object space 174080K, 14% used [0x00000006c1000000,0x00000006c2876920,0x00000006cba00000)
 Metaspace       used 33755K, capacity 35378K, committed 35456K, reserved 1079296K
  class space    used 4620K, capacity 4935K, committed 4992K, reserved 1048576K
}
Event: 9.614 GC heap before
{Heap before GC invocations=9 (full 2):
 PSYoungGen      total 302592K, used 286720K [0x000000076b000000, 0x0000000785180000, 0x00000007c0000000)
  eden space 286720K, 100% used [0x000000076b000000,0x000000077c800000,0x000000077c800000)
  from space 15872K, 0% used [0x000000077da80000,0x000000077da80000,0x000000077ea00000)
  to   space 18944K, 0% used [0x000000077c800000,0x000000077c800000,0x000000077da80000)
 ParOldGen       total 174080K, used 25050K [0x00000006c1000000, 0x00000006cba00000, 0x000000076b000000)
  object space 174080K, 14% used [0x00000006c1000000,0x00000006c2876920,0x00000006cba00000)
 Metaspace       used 41414K, capacity 43324K, committed 43392K, reserved 1087488K
  class space    used 5811K, capacity 6204K, committed 6272K, reserved 1048576K
Event: 9.632 GC heap after
Heap after GC invocations=9 (full 2):
 PSYoungGen      total 305664K, used 12803K [0x000000076b000000, 0x0000000786a00000, 0x00000007c0000000)
  eden space 286720K, 0% used [0x000000076b000000,0x000000076b000000,0x000000077c800000)
  from space 18944K, 67% used [0x000000077c800000,0x000000077d480cb8,0x000000077da80000)
  to   space 18944K, 0% used [0x0000000785780000,0x0000000785780000,0x0000000786a00000)
 ParOldGen       total 174080K, used 25058K [0x00000006c1000000, 0x00000006cba00000, 0x000000076b000000)
  object space 174080K, 14% used [0x00000006c1000000,0x00000006c2878920,0x00000006cba00000)
 Metaspace       used 41414K, capacity 43324K, committed 43392K, reserved 1087488K
  class space    used 5811K, capacity 6204K, committed 6272K, reserved 1048576K
}

